<?xml version="1.0" encoding="UTF-8"?>
<testng-results skipped="0" failed="0" ignored="0" total="2" passed="2">
  <reporter-output>
  </reporter-output>
  <suite name="Default suite" duration-ms="73" started-at="2018-01-03T21:44:46Z" finished-at="2018-01-03T21:44:47Z">
    <groups>
    </groups>
    <test name="Default test" duration-ms="73" started-at="2018-01-03T21:44:46Z" finished-at="2018-01-03T21:44:47Z">
      <class name="dotcom.appiumupdated">
        <test-method status="PASS" signature="IOS()[pri:0, instance:dotcom.appiumupdated@46d56d67]" name="IOS" duration-ms="24" started-at="2018-01-03T15:44:46Z" finished-at="2018-01-03T15:44:47Z">
          <reporter-output>
          </reporter-output>
        </test-method> <!-- IOS -->
        <test-method status="PASS" signature="android()[pri:0, instance:dotcom.appiumupdated@46d56d67]" name="android" duration-ms="3" started-at="2018-01-03T15:44:47Z" finished-at="2018-01-03T15:44:47Z">
          <reporter-output>
          </reporter-output>
        </test-method> <!-- android -->
      </class> <!-- dotcom.appiumupdated -->
    </test> <!-- Default test -->
  </suite> <!-- Default suite -->
</testng-results>
